<?xml version="1.0" encoding="UTF-8"?>
<robot generator="Robot 3.1.2 (Python 3.8.2 on win32)" generated="20200416 11:39:00.191" rpa="false">
<suite id="s1" name="Secondtestcase" source="C:\Users\Yunus Emre\PycharmProjects\blu_tv_robot\Proje\Tests\secondtestcase.robot">
<test id="s1-t1" name="First test case scenario">
<kw name="start session" library="utils" type="setup">
<kw name="Open Browser" library="SeleniumLibrary">
<doc>Opens a new browser instance to the optional ``url``.</doc>
<arguments>
<arg>about:blank</arg>
<arg>chrome</arg>
</arguments>
<msg timestamp="20200416 11:39:00.474" level="INFO">Opening browser 'chrome' to base url 'about:blank'.</msg>
<status status="PASS" starttime="20200416 11:39:00.474" endtime="20200416 11:39:05.746"></status>
</kw>
<kw name="Maximize Browser Window" library="SeleniumLibrary">
<doc>Maximizes current browser window.</doc>
<status status="PASS" starttime="20200416 11:39:05.746" endtime="20200416 11:39:09.878"></status>
</kw>
<status status="PASS" starttime="20200416 11:39:00.473" endtime="20200416 11:39:09.878"></status>
</kw>
<kw name="go to homepage" library="homepageApp">
<kw name="go to app" library="homepage">
<kw name="Go To" library="SeleniumLibrary">
<doc>Navigates the current browser window to the provided ``url``.</doc>
<arguments>
<arg>${HOME_PAGE}</arg>
</arguments>
<msg timestamp="20200416 11:39:09.883" level="INFO">Opening url 'http://www.blutv.com'</msg>
<status status="PASS" starttime="20200416 11:39:09.882" endtime="20200416 11:39:14.150"></status>
</kw>
<kw name="Sleep" library="BuiltIn">
<doc>Pauses the test executed for the given time.</doc>
<arguments>
<arg>3</arg>
</arguments>
<msg timestamp="20200416 11:39:17.152" level="INFO">Slept 3 seconds</msg>
<status status="PASS" starttime="20200416 11:39:14.150" endtime="20200416 11:39:17.152"></status>
</kw>
<status status="PASS" starttime="20200416 11:39:09.881" endtime="20200416 11:39:17.152"></status>
</kw>
<kw name="user name" library="homepage">
<kw name="Input Text" library="SeleniumLibrary">
<doc>Types the given ``text`` into the text field identified by ``locator``.</doc>
<arguments>
<arg>${user_name}</arg>
<arg>yunusemretest asdad</arg>
</arguments>
<msg timestamp="20200416 11:39:17.154" level="INFO">Typing text 'yunusemretest asdad' into text field 'id=registerWidget_name'.</msg>
<status status="PASS" starttime="20200416 11:39:17.153" endtime="20200416 11:39:17.472"></status>
</kw>
<status status="PASS" starttime="20200416 11:39:17.153" endtime="20200416 11:39:17.472"></status>
</kw>
<kw name="wait until css is visible" library="homepage">
<kw name="Wait Until Element Is Visible" library="SeleniumLibrary">
<doc>Waits until the element ``locator`` is visible.</doc>
<arguments>
<arg>${selector_kontrol}</arg>
</arguments>
<status status="PASS" starttime="20200416 11:39:17.473" endtime="20200416 11:39:17.505"></status>
</kw>
<kw name="Sleep" library="BuiltIn">
<doc>Pauses the test executed for the given time.</doc>
<arguments>
<arg>3</arg>
</arguments>
<msg timestamp="20200416 11:39:20.506" level="INFO">Slept 3 seconds</msg>
<status status="PASS" starttime="20200416 11:39:17.505" endtime="20200416 11:39:20.506"></status>
</kw>
<status status="PASS" starttime="20200416 11:39:17.473" endtime="20200416 11:39:20.506"></status>
</kw>
<kw name="email" library="homepage">
<kw name="Input Text" library="SeleniumLibrary">
<doc>Types the given ``text`` into the text field identified by ``locator``.</doc>
<arguments>
<arg>${e-mail}</arg>
<arg>y.bozkurt@test.com</arg>
</arguments>
<msg timestamp="20200416 11:39:20.508" level="INFO">Typing text 'y.bozkurt@test.com' into text field 'css: ul input'.</msg>
<status status="PASS" starttime="20200416 11:39:20.508" endtime="20200416 11:39:21.070"></status>
</kw>
<status status="PASS" starttime="20200416 11:39:20.506" endtime="20200416 11:39:21.070"></status>
</kw>
<kw name="wait until css is visible" library="homepage">
<kw name="Wait Until Element Is Visible" library="SeleniumLibrary">
<doc>Waits until the element ``locator`` is visible.</doc>
<arguments>
<arg>${selector_kontrol}</arg>
</arguments>
<status status="PASS" starttime="20200416 11:39:21.071" endtime="20200416 11:39:21.095"></status>
</kw>
<kw name="Sleep" library="BuiltIn">
<doc>Pauses the test executed for the given time.</doc>
<arguments>
<arg>3</arg>
</arguments>
<msg timestamp="20200416 11:39:24.096" level="INFO">Slept 3 seconds</msg>
<status status="PASS" starttime="20200416 11:39:21.095" endtime="20200416 11:39:24.096"></status>
</kw>
<status status="PASS" starttime="20200416 11:39:21.071" endtime="20200416 11:39:24.096"></status>
</kw>
<kw name="sifre" library="homepage">
<kw name="Input Text" library="SeleniumLibrary">
<doc>Types the given ``text`` into the text field identified by ``locator``.</doc>
<arguments>
<arg>${sifre}</arg>
<arg>134567tr</arg>
</arguments>
<msg timestamp="20200416 11:39:24.098" level="INFO">Typing text '134567tr' into text field 'id=registerWidget_password'.</msg>
<status status="PASS" starttime="20200416 11:39:24.097" endtime="20200416 11:39:24.310"></status>
</kw>
<kw name="Sleep" library="BuiltIn">
<doc>Pauses the test executed for the given time.</doc>
<arguments>
<arg>3</arg>
</arguments>
<msg timestamp="20200416 11:39:27.312" level="INFO">Slept 3 seconds</msg>
<status status="PASS" starttime="20200416 11:39:24.310" endtime="20200416 11:39:27.312"></status>
</kw>
<status status="PASS" starttime="20200416 11:39:24.097" endtime="20200416 11:39:27.313"></status>
</kw>
<kw name="wait until css is visible" library="homepage">
<kw name="Wait Until Element Is Visible" library="SeleniumLibrary">
<doc>Waits until the element ``locator`` is visible.</doc>
<arguments>
<arg>${selector_kontrol}</arg>
</arguments>
<status status="PASS" starttime="20200416 11:39:27.313" endtime="20200416 11:39:27.346"></status>
</kw>
<kw name="Sleep" library="BuiltIn">
<doc>Pauses the test executed for the given time.</doc>
<arguments>
<arg>3</arg>
</arguments>
<msg timestamp="20200416 11:39:30.348" level="INFO">Slept 3 seconds</msg>
<status status="PASS" starttime="20200416 11:39:27.346" endtime="20200416 11:39:30.348"></status>
</kw>
<status status="PASS" starttime="20200416 11:39:27.313" endtime="20200416 11:39:30.348"></status>
</kw>
<kw name="Sign up" library="homepage">
<kw name="Click Element" library="SeleniumLibrary">
<doc>Click the element identified by ``locator``.</doc>
<arguments>
<arg>${sign_up}</arg>
</arguments>
<msg timestamp="20200416 11:39:30.351" level="INFO">Clicking element 'css: .jsx-3699404576 .ant-btn'.</msg>
<status status="PASS" starttime="20200416 11:39:30.349" endtime="20200416 11:39:30.482"></status>
</kw>
<kw name="Sleep" library="BuiltIn">
<doc>Pauses the test executed for the given time.</doc>
<arguments>
<arg>5</arg>
</arguments>
<msg timestamp="20200416 11:39:35.484" level="INFO">Slept 5 seconds</msg>
<status status="PASS" starttime="20200416 11:39:30.482" endtime="20200416 11:39:35.484"></status>
</kw>
<status status="PASS" starttime="20200416 11:39:30.349" endtime="20200416 11:39:35.485"></status>
</kw>
<kw name="go to app" library="homepage">
<kw name="Go To" library="SeleniumLibrary">
<doc>Navigates the current browser window to the provided ``url``.</doc>
<arguments>
<arg>${HOME_PAGE}</arg>
</arguments>
<msg timestamp="20200416 11:39:35.486" level="INFO">Opening url 'http://www.blutv.com'</msg>
<status status="PASS" starttime="20200416 11:39:35.486" endtime="20200416 11:39:36.283"></status>
</kw>
<kw name="Sleep" library="BuiltIn">
<doc>Pauses the test executed for the given time.</doc>
<arguments>
<arg>3</arg>
</arguments>
<msg timestamp="20200416 11:39:39.285" level="INFO">Slept 3 seconds</msg>
<status status="PASS" starttime="20200416 11:39:36.284" endtime="20200416 11:39:39.285"></status>
</kw>
<status status="PASS" starttime="20200416 11:39:35.485" endtime="20200416 11:39:39.285"></status>
</kw>
<kw name="user control" library="homepage">
<kw name="Wait Until Element Is Visible" library="SeleniumLibrary">
<doc>Waits until the element ``locator`` is visible.</doc>
<arguments>
<arg>${user_control}</arg>
</arguments>
<status status="PASS" starttime="20200416 11:39:39.286" endtime="20200416 11:39:39.327"></status>
</kw>
<kw name="Sleep" library="BuiltIn">
<doc>Pauses the test executed for the given time.</doc>
<arguments>
<arg>3</arg>
</arguments>
<msg timestamp="20200416 11:39:42.329" level="INFO">Slept 3 seconds</msg>
<status status="PASS" starttime="20200416 11:39:39.327" endtime="20200416 11:39:42.329"></status>
</kw>
<status status="PASS" starttime="20200416 11:39:39.285" endtime="20200416 11:39:42.329"></status>
</kw>
<status status="PASS" starttime="20200416 11:39:09.879" endtime="20200416 11:39:42.329"></status>
</kw>
<kw name="other test cases" library="addtomylistApp">
<kw name="go to film" library="addtomylist">
<kw name="Go To" library="SeleniumLibrary">
<doc>Navigates the current browser window to the provided ``url``.</doc>
<arguments>
<arg>${film_url}</arg>
</arguments>
<msg timestamp="20200416 11:39:42.331" level="INFO">Opening url 'http://www.blutv.com/filmler/yerli/aidiyet'</msg>
<status status="PASS" starttime="20200416 11:39:42.331" endtime="20200416 11:39:43.931"></status>
</kw>
<kw name="Sleep" library="BuiltIn">
<doc>Pauses the test executed for the given time.</doc>
<arguments>
<arg>5</arg>
</arguments>
<msg timestamp="20200416 11:39:48.933" level="INFO">Slept 5 seconds</msg>
<status status="PASS" starttime="20200416 11:39:43.931" endtime="20200416 11:39:48.933"></status>
</kw>
<status status="PASS" starttime="20200416 11:39:42.330" endtime="20200416 11:39:48.933"></status>
</kw>
<kw name="add to my list" library="addtomylist">
<kw name="Click Element" library="SeleniumLibrary">
<doc>Click the element identified by ``locator``.</doc>
<arguments>
<arg>${add_to_my_list}</arg>
</arguments>
<msg timestamp="20200416 11:39:48.935" level="INFO">Clicking element 'css: [test-id='addFavoriteButton']'.</msg>
<status status="PASS" starttime="20200416 11:39:48.934" endtime="20200416 11:39:49.058"></status>
</kw>
<kw name="Sleep" library="BuiltIn">
<doc>Pauses the test executed for the given time.</doc>
<arguments>
<arg>5</arg>
</arguments>
<msg timestamp="20200416 11:39:54.060" level="INFO">Slept 5 seconds</msg>
<status status="PASS" starttime="20200416 11:39:49.058" endtime="20200416 11:39:54.060"></status>
</kw>
<status status="PASS" starttime="20200416 11:39:48.934" endtime="20200416 11:39:54.060"></status>
</kw>
<kw name="my watch" library="addtomylist">
<kw name="Go To" library="SeleniumLibrary">
<doc>Navigates the current browser window to the provided ``url``.</doc>
<arguments>
<arg>${my_watch_list}</arg>
</arguments>
<msg timestamp="20200416 11:39:54.061" level="INFO">Opening url 'http://www.blutv.com/izleme-listem'</msg>
<status status="PASS" starttime="20200416 11:39:54.061" endtime="20200416 11:39:54.939"></status>
</kw>
<kw name="Sleep" library="BuiltIn">
<doc>Pauses the test executed for the given time.</doc>
<arguments>
<arg>5</arg>
</arguments>
<msg timestamp="20200416 11:39:59.941" level="INFO">Slept 5 seconds</msg>
<status status="PASS" starttime="20200416 11:39:54.939" endtime="20200416 11:39:59.941"></status>
</kw>
<status status="PASS" starttime="20200416 11:39:54.061" endtime="20200416 11:39:59.941"></status>
</kw>
<kw name="my watch list" library="addtomylist">
<kw name="Wait Until Element Is Visible" library="SeleniumLibrary">
<doc>Waits until the element ``locator`` is visible.</doc>
<arguments>
<arg>${watch_list}</arg>
</arguments>
<status status="PASS" starttime="20200416 11:39:59.942" endtime="20200416 11:39:59.991"></status>
</kw>
<status status="PASS" starttime="20200416 11:39:59.942" endtime="20200416 11:39:59.992"></status>
</kw>
<kw name="go to homepg" library="addtomylist">
<kw name="Go To" library="SeleniumLibrary">
<doc>Navigates the current browser window to the provided ``url``.</doc>
<arguments>
<arg>${HOME_PAGE}</arg>
</arguments>
<msg timestamp="20200416 11:39:59.993" level="INFO">Opening url 'http://www.blutv.com'</msg>
<status status="PASS" starttime="20200416 11:39:59.992" endtime="20200416 11:40:00.885"></status>
</kw>
<kw name="Sleep" library="BuiltIn">
<doc>Pauses the test executed for the given time.</doc>
<arguments>
<arg>5</arg>
</arguments>
<msg timestamp="20200416 11:40:05.885" level="INFO">Slept 5 seconds</msg>
<status status="PASS" starttime="20200416 11:40:00.885" endtime="20200416 11:40:05.885"></status>
</kw>
<status status="PASS" starttime="20200416 11:39:59.992" endtime="20200416 11:40:05.885"></status>
</kw>
<kw name="my watch list on home page" library="addtomylist">
<kw name="Wait Until Element Is Visible" library="SeleniumLibrary">
<doc>Waits until the element ``locator`` is visible.</doc>
<arguments>
<arg>${home_watch_list}</arg>
</arguments>
<status status="PASS" starttime="20200416 11:40:05.886" endtime="20200416 11:40:05.937"></status>
</kw>
<kw name="Sleep" library="BuiltIn">
<doc>Pauses the test executed for the given time.</doc>
<arguments>
<arg>3</arg>
</arguments>
<msg timestamp="20200416 11:40:08.939" level="INFO">Slept 3 seconds</msg>
<status status="PASS" starttime="20200416 11:40:05.937" endtime="20200416 11:40:08.939"></status>
</kw>
<status status="PASS" starttime="20200416 11:40:05.885" endtime="20200416 11:40:08.940"></status>
</kw>
<kw name="Logout" library="addtomylist">
<kw name="Mouse Over" library="SeleniumLibrary">
<doc>Simulates hovering the mouse over the element ``locator``.</doc>
<arguments>
<arg>${logout_hover}</arg>
</arguments>
<msg timestamp="20200416 11:40:08.942" level="INFO">Simulating Mouse Over on element 'class: UserMenu_avatar_1pGJY'.</msg>
<status status="PASS" starttime="20200416 11:40:08.941" endtime="20200416 11:40:09.254"></status>
</kw>
<kw name="Sleep" library="BuiltIn">
<doc>Pauses the test executed for the given time.</doc>
<arguments>
<arg>3</arg>
</arguments>
<msg timestamp="20200416 11:40:12.255" level="INFO">Slept 3 seconds</msg>
<status status="PASS" starttime="20200416 11:40:09.254" endtime="20200416 11:40:12.255"></status>
</kw>
<kw name="Execute Javascript" library="SeleniumLibrary">
<doc>Executes the given JavaScript code with possible arguments.</doc>
<arguments>
<arg>${logout_click}</arg>
</arguments>
<msg timestamp="20200416 11:40:12.256" level="INFO">Executing JavaScript:
$('a.UserMenu_logout_1c6Cr')[0].click()
Without any arguments.</msg>
<status status="PASS" starttime="20200416 11:40:12.255" endtime="20200416 11:40:12.309"></status>
</kw>
<kw name="Sleep" library="BuiltIn">
<doc>Pauses the test executed for the given time.</doc>
<arguments>
<arg>5</arg>
</arguments>
<msg timestamp="20200416 11:40:17.310" level="INFO">Slept 5 seconds</msg>
<status status="PASS" starttime="20200416 11:40:12.309" endtime="20200416 11:40:17.310"></status>
</kw>
<status status="PASS" starttime="20200416 11:40:08.940" endtime="20200416 11:40:17.310"></status>
</kw>
<kw name="logout control" library="addtomylist">
<kw name="Wait Until Element Is Visible" library="SeleniumLibrary">
<doc>Waits until the element ``locator`` is visible.</doc>
<arguments>
<arg>${logout_control}</arg>
</arguments>
<status status="PASS" starttime="20200416 11:40:17.311" endtime="20200416 11:40:17.364"></status>
</kw>
<kw name="Sleep" library="BuiltIn">
<doc>Pauses the test executed for the given time.</doc>
<arguments>
<arg>3</arg>
</arguments>
<msg timestamp="20200416 11:40:20.366" level="INFO">Slept 3 seconds</msg>
<status status="PASS" starttime="20200416 11:40:17.364" endtime="20200416 11:40:20.366"></status>
</kw>
<status status="PASS" starttime="20200416 11:40:17.311" endtime="20200416 11:40:20.366"></status>
</kw>
<status status="PASS" starttime="20200416 11:39:42.330" endtime="20200416 11:40:20.367"></status>
</kw>
<kw name="close session" library="utils" type="teardown">
<kw name="Close Browser" library="SeleniumLibrary">
<doc>Closes the current browser.</doc>
<status status="PASS" starttime="20200416 11:40:20.368" endtime="20200416 11:40:22.700"></status>
</kw>
<status status="PASS" starttime="20200416 11:40:20.367" endtime="20200416 11:40:22.700"></status>
</kw>
<status status="PASS" starttime="20200416 11:39:00.473" endtime="20200416 11:40:22.700" critical="yes"></status>
</test>
<status status="PASS" starttime="20200416 11:39:00.193" endtime="20200416 11:40:22.703"></status>
</suite>
<statistics>
<total>
<stat pass="1" fail="0">Critical Tests</stat>
<stat pass="1" fail="0">All Tests</stat>
</total>
<tag>
</tag>
<suite>
<stat pass="1" fail="0" id="s1" name="Secondtestcase">Secondtestcase</stat>
</suite>
</statistics>
<errors>
</errors>
</robot>
